#
# A fatal error has been detected by the Java Runtime Environment:
#
#  EXCEPTION_ACCESS_VIOLATION (0xc0000005) at pc=0x00007ffb7f2e3bf3, pid=10768, tid=9292
#
# JRE version: OpenJDK Runtime Environment Zulu24.30+11-CA (24.0.1+9) (build 24.0.1+9)
# Java VM: OpenJDK 64-Bit Server VM Zulu24.30+11-CA (24.0.1+9, mixed mode, sharing, tiered, compressed oops, compressed class ptrs, g1 gc, windows-amd64)
# Problematic frame:
# C  [awt.dll+0xc3bf3]
#
# No core dump will be written. Minidumps are not enabled by default on client versions of Windows
#
# If you would like to submit a bug report, please visit:
#   http://www.azul.com/support/
# The crash happened outside the Java Virtual Machine in native code.
# See problematic frame for where to report the bug.
#

---------------  S U M M A R Y ------------

Command Line: com.mycompany._question3_exam.SnakeInformation

Host: Intel(R) Xeon(R) Platinum 8272CL CPU @ 2.60GHz, 4 cores, 15G,  Windows 11 , 64 bit Build 26100 (10.0.26100.4768)
Time: Sat Nov  1 21:49:35 2025 South Africa Standard Time elapsed time: 131.847468 seconds (0d 0h 2m 11s)

---------------  T H R E A D  ---------------

Current thread (0x000001e673682c30):  JavaThread "AWT-Windows" daemon [_thread_in_native, id=9292, stack(0x0000009eb0100000,0x0000009eb0200000) (1024K)]

Stack: [0x0000009eb0100000,0x0000009eb0200000],  sp=0x0000009eb01fe838,  free space=1018k
Native frames: (J=compiled Java code, j=interpreted, Vv=VM code, C=native code)
C  [awt.dll+0xc3bf3]  (no source info available)

Java frames: (J=compiled Java code, j=interpreted, Vv=VM code)
j  sun.awt.windows.WToolkit.eventLoop()V+0 java.desktop@24.0.1
j  sun.awt.windows.WToolkit.run()V+56 java.desktop@24.0.1
j  java.lang.Thread.runWith(Ljava/lang/Object;Ljava/lang/Runnable;)V+5 java.base@24.0.1
j  java.lang.Thread.run()V+19 java.base@24.0.1
v  ~StubRoutines::call_stub 0x000001e61ed40fcd

siginfo: EXCEPTION_ACCESS_VIOLATION (0xc0000005), reading address 0xffffffffffffffff


Registers:
RAX=0x00000000470105f7, RBX=0x000001e6738c1ac0, RCX=0x6946000c00010003, RDX=0x00000000470105f7
RSP=0x0000009eb01fe838, RBP=0x0000009eb01fe949, RSI=0x00000000470105f7, RDI=0x0000000000000000
R8 =0x0000000000000001, R9 =0x0000009eae95d000, R10=0x0000000000000000, R11=0x0000000000000246
R12=0x0000000000000000, R13=0x0000000000000310, R14=0x0000000000000000, R15=0x0000000000000000
RIP=0x00007ffb7f2e3bf3, EFLAGS=0x0000000000010206

XMM[0]=0x0000000000000000 0x0000000000000000
XMM[1]=0x0000000000000000 0x0000000000000000
XMM[2]=0x0000000000000000 0x0000000000000000
XMM[3]=0x0000000000000000 0x0000000000000000
XMM[4]=0x0000000000000000 0x0000000000000000
XMM[5]=0x0000000000000000 0x0000000000000000
XMM[6]=0x0000000000000000 0x0000000000000000
XMM[7]=0x0000000000000000 0x0000000000000000
XMM[8]=0x0000000000000000 0x0000000000000000
XMM[9]=0x0000000000000000 0x0000000000000000
XMM[10]=0x0000000000000000 0x0000000000000000
XMM[11]=0x0000000000000000 0x0000000000000000
XMM[12]=0x0000000000000000 0x0000000000000000
XMM[13]=0x0000000000000000 0x0000000000000000
XMM[14]=0x0000000000000000 0x0000000000000000
XMM[15]=0x0000000000000000 0x0000000000000000
  MXCSR=0x00001fa0


Register to memory mapping:

RAX=0x00000000470105f7 is an unknown value
RBX=0x000001e6738c1ac0 points into unknown readable memory: 0x000001e67360aac0 | c0 aa 60 73 e6 01 00 00
RCX=0x6946000c00010003 is an unknown value
RDX=0x00000000470105f7 is an unknown value
RSP=0x0000009eb01fe838 is pointing into the stack for thread: 0x000001e673682c30
RBP=0x0000009eb01fe949 is pointing into the stack for thread: 0x000001e673682c30
RSI=0x00000000470105f7 is an unknown value
RDI=0x0 is null
R8 =0x0000000000000001 is an unknown value
R9 =0x0000009eae95d000 points into unknown readable memory: 0x0000000000000000 | 00 00 00 00 00 00 00 00
R10=0x0 is null
R11=0x0000000000000246 is an unknown value
R12=0x0 is null
R13=0x0000000000000310 is an unknown value
R14=0x0 is null
R15=0x0 is null

Top of Stack: (sp=0x0000009eb01fe838)
0x0000009eb01fe838:   00007ffb7f2fba52 00007ffb7f357838   R./.....8x5.....
0x0000009eb01fe848:   00000000470105f7 0000000000000000   ...G............
0x0000009eb01fe858:   0000000000000000 0000000000000000   ................
0x0000009eb01fe868:   00007ffb7f2b786c 00000000470105f7   lx+........G....
0x0000009eb01fe878:   000001e67385be50 000001e6738c1ac0   P..s.......s....
0x0000009eb01fe888:   0000009eb01febb8 0000000000000000   ................
0x0000009eb01fe898:   00007ffb7f2b7916 000001e67385be50   .y+.....P..s....
0x0000009eb01fe8a8:   00007ffb7f220000 0000009eb01fe9a8   ..".............
0x0000009eb01fe8b8:   00007ffbbcea3a08 0000000000000000   .:..............
0x0000009eb01fe8c8:   00007ffb7f2b4cff 000001e67385be50   .L+.....P..s....
0x0000009eb01fe8d8:   0000000000000000 00007ffb7f2b7df0   .........}+.....
0x0000009eb01fe8e8:   00007ffbe2cec8ae 0000000000000001   ................
0x0000009eb01fe8f8:   00007ffbe14218e9 0000009eb01fe9a0   ..B.............
0x0000009eb01fe908:   0000000000000001 0000000000000000   ................
0x0000009eb01fe918:   0000009eb01fe9a8 0000000000000000   ................
0x0000009eb01fe928:   0000000000000000 0000000000000000   ................
0x0000009eb01fe938:   000001e673682ff8 000001e67385bef0   ./hs.......s....
0x0000009eb01fe948:   0000000000000000 0000000000000000   ................
0x0000009eb01fe958:   0000bddeb591e038 0000000000000000   8...............
0x0000009eb01fe968:   0000000000000000 0000000000000000   ................
0x0000009eb01fe978:   0000000000000000 0000000000000000   ................
0x0000009eb01fe988:   0000000000000310 0000000000000000   ................
0x0000009eb01fe998:   000001e67385be50 000001e67385be50   P..s....P..s....
0x0000009eb01fe9a8:   00007ffb7f2ffddc 0000000000000000   ../.............
0x0000009eb01fe9b8:   0000a7a66a2d021e 00004b33be1055ae   ..-j.....U..3K..
0x0000009eb01fe9c8:   0000000000000022 000000000000c16d   ".......m.......
0x0000009eb01fe9d8:   0000000000000000 0000000000000000   ................
0x0000009eb01fe9e8:   00007ffbe13f83a9 0000000000000000   ..?.............
0x0000009eb01fe9f8:   0000000000000001 0000000000000022   ........".......
0x0000009eb01fea08:   00007ffbe2d5314f 00000000000406bc   O1..............
0x0000009eb01fea18:   00007ffbe13f968a ffffffffffffffeb   ..?.............
0x0000009eb01fea28:   0000bddeb591e158 000001e60d0124d0   X........$......

Instructions: (pc=0x00007ffb7f2e3bf3)
  0x00007ffb7f2e3af3:   00 00 0f 11 40 80 0f 10 41 a0 0f 11 48 90 0f 10
  0x00007ffb7f2e3b03:   49 b0 0f 11 40 a0 0f 10 41 c0 0f 11 48 b0 0f 10
  0x00007ffb7f2e3b13:   49 d0 0f 11 40 c0 0f 10 41 e0 0f 11 48 d0 0f 10
  0x00007ffb7f2e3b23:   49 f0 0f 11 40 e0 0f 11 48 f0 48 83 ea 01 75 ad
  0x00007ffb7f2e3b33:   0f 10 01 0f 10 49 10 0f 11 00 0f 10 41 20 0f 11
  0x00007ffb7f2e3b43:   48 10 0f 11 40 20 49 8b ce 41 c7 06 00 03 00 01
  0x00007ffb7f2e3b53:   bb 00 01 00 00 ff 15 7a ca 07 00 4c 8b c6 48 89
  0x00007ffb7f2e3b63:   86 08 0c 00 00 4c 2b c7 48 8d 57 02 90 0f b6 42
  0x00007ffb7f2e3b73:   ff 0f b6 4a fe 48 8d 52 04 c1 e1 08 0b c8 0f b6
  0x00007ffb7f2e3b83:   42 fc c1 e1 08 0b c8 81 c9 00 00 00 ff 41 89 4c
  0x00007ffb7f2e3b93:   10 fa 48 83 eb 01 75 d5 49 8b ce e8 c5 64 02 00
  0x00007ffb7f2e3ba3:   48 8b 5c 24 30 48 8b c6 48 8b 74 24 38 48 8b 7c
  0x00007ffb7f2e3bb3:   24 40 48 83 c4 20 41 5e c3 cc cc cc cc 48 83 b9
  0x00007ffb7f2e3bc3:   08 0c 00 00 00 74 1c 83 3d db e3 07 00 00 75 09
  0x00007ffb7f2e3bd3:   83 3d ce 04 08 00 00 74 0a 48 8b ca 48 ff 25 0a
  0x00007ffb7f2e3be3:   ca 07 00 c3 cc cc cc cc cc cc cc cc cc 48 8b c2
=>0x00007ffb7f2e3bf3:   48 8b 91 08 0c 00 00 48 85 d2 74 0d 45 33 c0 48
  0x00007ffb7f2e3c03:   8b c8 48 ff 25 ec c9 07 00 33 c0 c3 cc 48 89 5c
  0x00007ffb7f2e3c13:   24 10 48 89 6c 24 18 48 89 74 24 20 57 41 54 41
  0x00007ffb7f2e3c23:   55 41 56 41 57 48 81 ec 30 05 00 00 48 8b 05 9a
  0x00007ffb7f2e3c33:   bc 07 00 48 33 c4 48 89 84 24 20 05 00 00 48 8b
  0x00007ffb7f2e3c43:   f9 48 8b 89 10 0c 00 00 e8 b0 70 01 00 48 8b f0
  0x00007ffb7f2e3c53:   48 85 c0 0f 84 61 03 00 00 ba 0c 00 00 00 48 8b
  0x00007ffb7f2e3c63:   c8 ff 15 86 c8 07 00 48 8b 8f 10 0c 00 00 48 8b
  0x00007ffb7f2e3c73:   d6 8b d8 e8 b5 78 01 00 83 fb 08 0f 85 39 03 00
  0x00007ffb7f2e3c83:   00 48 8b 8f 10 0c 00 00 e8 70 70 01 00 41 bd 00
  0x00007ffb7f2e3c93:   01 00 00 4c 8d 4c 24 20 45 8b c5 33 d2 48 8b c8
  0x00007ffb7f2e3ca3:   48 8b e8 ff 15 04 ca 07 00 45 33 e4 8b f0 85 c0
  0x00007ffb7f2e3cb3:   0f 8f e9 00 00 00 b9 08 04 00 00 e8 ad 63 02 00
  0x00007ffb7f2e3cc3:   48 8b d8 48 85 c0 75 08 41 8b f4 e9 cf 00 00 00
  0x00007ffb7f2e3cd3:   c7 00 00 03 00 01 41 8b cc 48 83 c0 05 88 48 ff
  0x00007ffb7f2e3ce3:   ff c1 66 44 89 20 c6 40 02 02 48 8d 40 04 41 3b


Stack slot to memory mapping:

stack at sp + 0 slots: 0x00007ffb7f2fba52 awt.dll
stack at sp + 1 slots: 0x00007ffb7f357838 awt.dll
stack at sp + 2 slots: 0x00000000470105f7 is an unknown value
stack at sp + 3 slots: 0x0 is null
stack at sp + 4 slots: 0x0 is null
stack at sp + 5 slots: 0x0 is null
stack at sp + 6 slots: 0x00007ffb7f2b786c awt.dll
stack at sp + 7 slots: 0x00000000470105f7 is an unknown value

Lock stack of current Java thread (top to bottom):


---------------  P R O C E S S  ---------------

Threads class SMR info:
_java_thread_list=0x000001e67386d8b0, length=16, elements={
0x000001e62dcf4680, 0x000001e62dcfa030, 0x000001e62dcfe110, 0x000001e62dcff8a0,
0x000001e62dd084d0, 0x000001e62dd09220, 0x000001e62dd0c860, 0x000001e62dd10cf0,
0x000001e62dd3dde0, 0x000001e67306fdb0, 0x000001e673681ab0, 0x000001e673682420,
0x000001e673682c30, 0x000001e6737e8dc0, 0x000001e60c976120, 0x000001e6738c7c20
}

Java Threads: ( => current thread )
  0x000001e62dcf4680 JavaThread "Reference Handler"          daemon [_thread_blocked, id=5916, stack(0x0000009eaf500000,0x0000009eaf600000) (1024K)]
  0x000001e62dcfa030 JavaThread "Finalizer"                  daemon [_thread_blocked, id=7232, stack(0x0000009eaf600000,0x0000009eaf700000) (1024K)]
  0x000001e62dcfe110 JavaThread "Signal Dispatcher"          daemon [_thread_blocked, id=11660, stack(0x0000009eaf700000,0x0000009eaf800000) (1024K)]
  0x000001e62dcff8a0 JavaThread "Attach Listener"            daemon [_thread_blocked, id=14588, stack(0x0000009eaf800000,0x0000009eaf900000) (1024K)]
  0x000001e62dd084d0 JavaThread "Service Thread"             daemon [_thread_blocked, id=12368, stack(0x0000009eaf900000,0x0000009eafa00000) (1024K)]
  0x000001e62dd09220 JavaThread "Monitor Deflation Thread"   daemon [_thread_blocked, id=11500, stack(0x0000009eafa00000,0x0000009eafb00000) (1024K)]
  0x000001e62dd0c860 JavaThread "C2 CompilerThread0"         daemon [_thread_blocked, id=13492, stack(0x0000009eafb00000,0x0000009eafc00000) (1024K)]
  0x000001e62dd10cf0 JavaThread "C1 CompilerThread0"         daemon [_thread_blocked, id=14880, stack(0x0000009eafc00000,0x0000009eafd00000) (1024K)]
  0x000001e62dd3dde0 JavaThread "Notification Thread"        daemon [_thread_blocked, id=15304, stack(0x0000009eafd00000,0x0000009eafe00000) (1024K)]
  0x000001e67306fdb0 JavaThread "Common-Cleaner"             daemon [_thread_blocked, id=9356, stack(0x0000009eafe00000,0x0000009eaff00000) (1024K)]
  0x000001e673681ab0 JavaThread "Java2D Disposer"            daemon [_thread_blocked, id=4836, stack(0x0000009eaff00000,0x0000009eb0000000) (1024K)]
  0x000001e673682420 JavaThread "AWT-Shutdown"                      [_thread_blocked, id=3692, stack(0x0000009eb0000000,0x0000009eb0100000) (1024K)]
=>0x000001e673682c30 JavaThread "AWT-Windows"                daemon [_thread_in_native, id=9292, stack(0x0000009eb0100000,0x0000009eb0200000) (1024K)]
  0x000001e6737e8dc0 JavaThread "AWT-EventQueue-0"                  [_thread_blocked, id=10460, stack(0x0000009eb0200000,0x0000009eb0300000) (1024K)]
  0x000001e60c976120 JavaThread "DestroyJavaVM"                     [_thread_blocked, id=13588, stack(0x0000009eaed00000,0x0000009eaee00000) (1024K)]
  0x000001e6738c7c20 JavaThread "TimerQueue"                 daemon [_thread_blocked, id=15296, stack(0x0000009eb0300000,0x0000009eb0400000) (1024K)]
Total: 16

Other Threads:
  0x000001e62dce4bb0 VMThread "VM Thread"                           [id=8188, stack(0x0000009eaf400000,0x0000009eaf500000) (1024K)]
  0x000001e62dcd1fd0 WatcherThread "VM Periodic Task Thread"        [id=3024, stack(0x0000009eaf300000,0x0000009eaf400000) (1024K)]
  0x000001e60ed74f90 WorkerThread "GC Thread#0"                     [id=7892, stack(0x0000009eaee00000,0x0000009eaef00000) (1024K)]
  0x000001e60ed89fe0 ConcurrentGCThread "G1 Main Marker"            [id=5960, stack(0x0000009eaef00000,0x0000009eaf000000) (1024K)]
  0x000001e60ed8b9e0 WorkerThread "G1 Conc#0"                       [id=4040, stack(0x0000009eaf000000,0x0000009eaf100000) (1024K)]
  0x000001e62db9b140 ConcurrentGCThread "G1 Refine#0"               [id=9304, stack(0x0000009eaf100000,0x0000009eaf200000) (1024K)]
  0x000001e62db9c980 ConcurrentGCThread "G1 Service"                [id=9660, stack(0x0000009eaf200000,0x0000009eaf300000) (1024K)]
Total: 7

Threads with active compile tasks:
Total: 0

VM state: not at safepoint (normal execution)

VM Mutex/Monitor currently owned by a thread: None

Heap address: 0x0000000700000000, size: 4096 MB, Compressed Oops mode: Zero based, Oop shift amount: 3

CDS archive(s) mapped at: [0x000001e62e000000-0x000001e62ed40000-0x000001e62ed40000), size 13893632, SharedBaseAddress: 0x000001e62e000000, ArchiveRelocationMode: 1.
Compressed class space mapped at: 0x000001e62f000000-0x000001e66f000000, reserved size: 1073741824
UseCompressedClassPointers 1, UseCompactObjectHeaders 0
Narrow klass pointer bits 32, Max shift 3
Narrow klass base: 0x000001e62e000000, Narrow klass shift: 0
Encoding Range: [0x000001e62e000000 - 0x000001e72e000000), (4294967296 bytes)
Klass Range:    [0x000001e62e000000 - 0x000001e66f000000), (1090519040 bytes)
Klass ID Range:  [8 - 1090519033) (1090519025)

GC Precious Log:
 CardTable entry size: 512
 Card Set container configuration: InlinePtr #cards 4 size 8 Array Of Cards #cards 16 size 48 Howl #buckets 8 coarsen threshold 3686 Howl Bitmap #cards 512 size 80 coarsen threshold 460 Card regions per heap region 1 cards per card region 4096
 CPUs: 4 total, 4 available
 Memory: 16382M
 Large Page Support: Disabled
 NUMA Support: Disabled
 Compressed Oops: Enabled (Zero based)
 Heap Region Size: 2M
 Heap Min Capacity: 8M
 Heap Initial Capacity: 256M
 Heap Max Capacity: 4G
 Pre-touch: Disabled
 Parallel Workers: 4
 Concurrent Workers: 1
 Concurrent Refinement Workers: 4
 Periodic GC: Disabled

Heap:
 garbage-first heap   total reserved 4194304K, committed 264192K, used 15472K [0x0000000700000000, 0x0000000800000000)
  region size 2048K, 9 young (18432K), 0 survivors (0K)
 Metaspace       used 12008K, committed 12288K, reserved 1114112K
  class space    used 1143K, committed 1280K, reserved 1048576K

Heap Regions: E=young(eden), S=young(survivor), O=old, HS=humongous(starts), HC=humongous(continues), CS=collection set, F=free, TAMS=top-at-mark-start, PB=parsable bottom
|   0|0x0000000700000000, 0x0000000700000000, 0x0000000700200000|  0%| F|  |TAMS 0x0000000700000000| PB 0x0000000700000000| Untracked |  0
|   1|0x0000000700200000, 0x0000000700200000, 0x0000000700400000|  0%| F|  |TAMS 0x0000000700200000| PB 0x0000000700200000| Untracked |  0
|   2|0x0000000700400000, 0x0000000700400000, 0x0000000700600000|  0%| F|  |TAMS 0x0000000700400000| PB 0x0000000700400000| Untracked |  0
|   3|0x0000000700600000, 0x0000000700600000, 0x0000000700800000|  0%| F|  |TAMS 0x0000000700600000| PB 0x0000000700600000| Untracked |  0
|   4|0x0000000700800000, 0x0000000700800000, 0x0000000700a00000|  0%| F|  |TAMS 0x0000000700800000| PB 0x0000000700800000| Untracked |  0
|   5|0x0000000700a00000, 0x0000000700a00000, 0x0000000700c00000|  0%| F|  |TAMS 0x0000000700a00000| PB 0x0000000700a00000| Untracked |  0
|   6|0x0000000700c00000, 0x0000000700c00000, 0x0000000700e00000|  0%| F|  |TAMS 0x0000000700c00000| PB 0x0000000700c00000| Untracked |  0
|   7|0x0000000700e00000, 0x0000000700e00000, 0x0000000701000000|  0%| F|  |TAMS 0x0000000700e00000| PB 0x0000000700e00000| Untracked |  0
|   8|0x0000000701000000, 0x0000000701000000, 0x0000000701200000|  0%| F|  |TAMS 0x0000000701000000| PB 0x0000000701000000| Untracked |  0
|   9|0x0000000701200000, 0x0000000701200000, 0x0000000701400000|  0%| F|  |TAMS 0x0000000701200000| PB 0x0000000701200000| Untracked |  0
|  10|0x0000000701400000, 0x0000000701400000, 0x0000000701600000|  0%| F|  |TAMS 0x0000000701400000| PB 0x0000000701400000| Untracked |  0
|  11|0x0000000701600000, 0x0000000701600000, 0x0000000701800000|  0%| F|  |TAMS 0x0000000701600000| PB 0x0000000701600000| Untracked |  0
|  12|0x0000000701800000, 0x0000000701800000, 0x0000000701a00000|  0%| F|  |TAMS 0x0000000701800000| PB 0x0000000701800000| Untracked |  0
|  13|0x0000000701a00000, 0x0000000701a00000, 0x0000000701c00000|  0%| F|  |TAMS 0x0000000701a00000| PB 0x0000000701a00000| Untracked |  0
|  14|0x0000000701c00000, 0x0000000701c00000, 0x0000000701e00000|  0%| F|  |TAMS 0x0000000701c00000| PB 0x0000000701c00000| Untracked |  0
|  15|0x0000000701e00000, 0x0000000701e00000, 0x0000000702000000|  0%| F|  |TAMS 0x0000000701e00000| PB 0x0000000701e00000| Untracked |  0
|  16|0x0000000702000000, 0x0000000702000000, 0x0000000702200000|  0%| F|  |TAMS 0x0000000702000000| PB 0x0000000702000000| Untracked |  0
|  17|0x0000000702200000, 0x0000000702200000, 0x0000000702400000|  0%| F|  |TAMS 0x0000000702200000| PB 0x0000000702200000| Untracked |  0
|  18|0x0000000702400000, 0x0000000702400000, 0x0000000702600000|  0%| F|  |TAMS 0x0000000702400000| PB 0x0000000702400000| Untracked |  0
|  19|0x0000000702600000, 0x0000000702600000, 0x0000000702800000|  0%| F|  |TAMS 0x0000000702600000| PB 0x0000000702600000| Untracked |  0
|  20|0x0000000702800000, 0x0000000702800000, 0x0000000702a00000|  0%| F|  |TAMS 0x0000000702800000| PB 0x0000000702800000| Untracked |  0
|  21|0x0000000702a00000, 0x0000000702a00000, 0x0000000702c00000|  0%| F|  |TAMS 0x0000000702a00000| PB 0x0000000702a00000| Untracked |  0
|  22|0x0000000702c00000, 0x0000000702c00000, 0x0000000702e00000|  0%| F|  |TAMS 0x0000000702c00000| PB 0x0000000702c00000| Untracked |  0
|  23|0x0000000702e00000, 0x0000000702e00000, 0x0000000703000000|  0%| F|  |TAMS 0x0000000702e00000| PB 0x0000000702e00000| Untracked |  0
|  24|0x0000000703000000, 0x0000000703000000, 0x0000000703200000|  0%| F|  |TAMS 0x0000000703000000| PB 0x0000000703000000| Untracked |  0
|  25|0x0000000703200000, 0x0000000703200000, 0x0000000703400000|  0%| F|  |TAMS 0x0000000703200000| PB 0x0000000703200000| Untracked |  0
|  26|0x0000000703400000, 0x0000000703400000, 0x0000000703600000|  0%| F|  |TAMS 0x0000000703400000| PB 0x0000000703400000| Untracked |  0
|  27|0x0000000703600000, 0x0000000703600000, 0x0000000703800000|  0%| F|  |TAMS 0x0000000703600000| PB 0x0000000703600000| Untracked |  0
|  28|0x0000000703800000, 0x0000000703800000, 0x0000000703a00000|  0%| F|  |TAMS 0x0000000703800000| PB 0x0000000703800000| Untracked |  0
|  29|0x0000000703a00000, 0x0000000703a00000, 0x0000000703c00000|  0%| F|  |TAMS 0x0000000703a00000| PB 0x0000000703a00000| Untracked |  0
|  30|0x0000000703c00000, 0x0000000703c00000, 0x0000000703e00000|  0%| F|  |TAMS 0x0000000703c00000| PB 0x0000000703c00000| Untracked |  0
|  31|0x0000000703e00000, 0x0000000703e00000, 0x0000000704000000|  0%| F|  |TAMS 0x0000000703e00000| PB 0x0000000703e00000| Untracked |  0
|  32|0x0000000704000000, 0x0000000704000000, 0x0000000704200000|  0%| F|  |TAMS 0x0000000704000000| PB 0x0000000704000000| Untracked |  0
|  33|0x0000000704200000, 0x0000000704200000, 0x0000000704400000|  0%| F|  |TAMS 0x0000000704200000| PB 0x0000000704200000| Untracked |  0
|  34|0x0000000704400000, 0x0000000704400000, 0x0000000704600000|  0%| F|  |TAMS 0x0000000704400000| PB 0x0000000704400000| Untracked |  0
|  35|0x0000000704600000, 0x0000000704600000, 0x0000000704800000|  0%| F|  |TAMS 0x0000000704600000| PB 0x0000000704600000| Untracked |  0
|  36|0x0000000704800000, 0x0000000704800000, 0x0000000704a00000|  0%| F|  |TAMS 0x0000000704800000| PB 0x0000000704800000| Untracked |  0
|  37|0x0000000704a00000, 0x0000000704a00000, 0x0000000704c00000|  0%| F|  |TAMS 0x0000000704a00000| PB 0x0000000704a00000| Untracked |  0
|  38|0x0000000704c00000, 0x0000000704c00000, 0x0000000704e00000|  0%| F|  |TAMS 0x0000000704c00000| PB 0x0000000704c00000| Untracked |  0
|  39|0x0000000704e00000, 0x0000000704e00000, 0x0000000705000000|  0%| F|  |TAMS 0x0000000704e00000| PB 0x0000000704e00000| Untracked |  0
|  40|0x0000000705000000, 0x0000000705000000, 0x0000000705200000|  0%| F|  |TAMS 0x0000000705000000| PB 0x0000000705000000| Untracked |  0
|  41|0x0000000705200000, 0x0000000705200000, 0x0000000705400000|  0%| F|  |TAMS 0x0000000705200000| PB 0x0000000705200000| Untracked |  0
|  42|0x0000000705400000, 0x0000000705400000, 0x0000000705600000|  0%| F|  |TAMS 0x0000000705400000| PB 0x0000000705400000| Untracked |  0
|  43|0x0000000705600000, 0x0000000705600000, 0x0000000705800000|  0%| F|  |TAMS 0x0000000705600000| PB 0x0000000705600000| Untracked |  0
|  44|0x0000000705800000, 0x0000000705800000, 0x0000000705a00000|  0%| F|  |TAMS 0x0000000705800000| PB 0x0000000705800000| Untracked |  0
|  45|0x0000000705a00000, 0x0000000705a00000, 0x0000000705c00000|  0%| F|  |TAMS 0x0000000705a00000| PB 0x0000000705a00000| Untracked |  0
|  46|0x0000000705c00000, 0x0000000705c00000, 0x0000000705e00000|  0%| F|  |TAMS 0x0000000705c00000| PB 0x0000000705c00000| Untracked |  0
|  47|0x0000000705e00000, 0x0000000705e00000, 0x0000000706000000|  0%| F|  |TAMS 0x0000000705e00000| PB 0x0000000705e00000| Untracked |  0
|  48|0x0000000706000000, 0x0000000706000000, 0x0000000706200000|  0%| F|  |TAMS 0x0000000706000000| PB 0x0000000706000000| Untracked |  0
|  49|0x0000000706200000, 0x0000000706200000, 0x0000000706400000|  0%| F|  |TAMS 0x0000000706200000| PB 0x0000000706200000| Untracked |  0
|  50|0x0000000706400000, 0x0000000706400000, 0x0000000706600000|  0%| F|  |TAMS 0x0000000706400000| PB 0x0000000706400000| Untracked |  0
|  51|0x0000000706600000, 0x0000000706600000, 0x0000000706800000|  0%| F|  |TAMS 0x0000000706600000| PB 0x0000000706600000| Untracked |  0
|  52|0x0000000706800000, 0x0000000706800000, 0x0000000706a00000|  0%| F|  |TAMS 0x0000000706800000| PB 0x0000000706800000| Untracked |  0
|  53|0x0000000706a00000, 0x0000000706a00000, 0x0000000706c00000|  0%| F|  |TAMS 0x0000000706a00000| PB 0x0000000706a00000| Untracked |  0
|  54|0x0000000706c00000, 0x0000000706c00000, 0x0000000706e00000|  0%| F|  |TAMS 0x0000000706c00000| PB 0x0000000706c00000| Untracked |  0
|  55|0x0000000706e00000, 0x0000000706e00000, 0x0000000707000000|  0%| F|  |TAMS 0x0000000706e00000| PB 0x0000000706e00000| Untracked |  0
|  56|0x0000000707000000, 0x0000000707000000, 0x0000000707200000|  0%| F|  |TAMS 0x0000000707000000| PB 0x0000000707000000| Untracked |  0
|  57|0x0000000707200000, 0x0000000707200000, 0x0000000707400000|  0%| F|  |TAMS 0x0000000707200000| PB 0x0000000707200000| Untracked |  0
|  58|0x0000000707400000, 0x0000000707400000, 0x0000000707600000|  0%| F|  |TAMS 0x0000000707400000| PB 0x0000000707400000| Untracked |  0
|  59|0x0000000707600000, 0x0000000707600000, 0x0000000707800000|  0%| F|  |TAMS 0x0000000707600000| PB 0x0000000707600000| Untracked |  0
|  60|0x0000000707800000, 0x0000000707800000, 0x0000000707a00000|  0%| F|  |TAMS 0x0000000707800000| PB 0x0000000707800000| Untracked |  0
|  61|0x0000000707a00000, 0x0000000707a00000, 0x0000000707c00000|  0%| F|  |TAMS 0x0000000707a00000| PB 0x0000000707a00000| Untracked |  0
|  62|0x0000000707c00000, 0x0000000707c00000, 0x0000000707e00000|  0%| F|  |TAMS 0x0000000707c00000| PB 0x0000000707c00000| Untracked |  0
|  63|0x0000000707e00000, 0x0000000707e00000, 0x0000000708000000|  0%| F|  |TAMS 0x0000000707e00000| PB 0x0000000707e00000| Untracked |  0
|  64|0x0000000708000000, 0x0000000708000000, 0x0000000708200000|  0%| F|  |TAMS 0x0000000708000000| PB 0x0000000708000000| Untracked |  0
|  65|0x0000000708200000, 0x0000000708200000, 0x0000000708400000|  0%| F|  |TAMS 0x0000000708200000| PB 0x0000000708200000| Untracked |  0
|  66|0x0000000708400000, 0x0000000708400000, 0x0000000708600000|  0%| F|  |TAMS 0x0000000708400000| PB 0x0000000708400000| Untracked |  0
|  67|0x0000000708600000, 0x0000000708600000, 0x0000000708800000|  0%| F|  |TAMS 0x0000000708600000| PB 0x0000000708600000| Untracked |  0
|  68|0x0000000708800000, 0x0000000708800000, 0x0000000708a00000|  0%| F|  |TAMS 0x0000000708800000| PB 0x0000000708800000| Untracked |  0
|  69|0x0000000708a00000, 0x0000000708a00000, 0x0000000708c00000|  0%| F|  |TAMS 0x0000000708a00000| PB 0x0000000708a00000| Untracked |  0
|  70|0x0000000708c00000, 0x0000000708c00000, 0x0000000708e00000|  0%| F|  |TAMS 0x0000000708c00000| PB 0x0000000708c00000| Untracked |  0
|  71|0x0000000708e00000, 0x0000000708e00000, 0x0000000709000000|  0%| F|  |TAMS 0x0000000708e00000| PB 0x0000000708e00000| Untracked |  0
|  72|0x0000000709000000, 0x0000000709000000, 0x0000000709200000|  0%| F|  |TAMS 0x0000000709000000| PB 0x0000000709000000| Untracked |  0
|  73|0x0000000709200000, 0x0000000709200000, 0x0000000709400000|  0%| F|  |TAMS 0x0000000709200000| PB 0x0000000709200000| Untracked |  0
|  74|0x0000000709400000, 0x0000000709400000, 0x0000000709600000|  0%| F|  |TAMS 0x0000000709400000| PB 0x0000000709400000| Untracked |  0
|  75|0x0000000709600000, 0x0000000709600000, 0x0000000709800000|  0%| F|  |TAMS 0x0000000709600000| PB 0x0000000709600000| Untracked |  0
|  76|0x0000000709800000, 0x0000000709800000, 0x0000000709a00000|  0%| F|  |TAMS 0x0000000709800000| PB 0x0000000709800000| Untracked |  0
|  77|0x0000000709a00000, 0x0000000709a00000, 0x0000000709c00000|  0%| F|  |TAMS 0x0000000709a00000| PB 0x0000000709a00000| Untracked |  0
|  78|0x0000000709c00000, 0x0000000709c00000, 0x0000000709e00000|  0%| F|  |TAMS 0x0000000709c00000| PB 0x0000000709c00000| Untracked |  0
|  79|0x0000000709e00000, 0x0000000709e00000, 0x000000070a000000|  0%| F|  |TAMS 0x0000000709e00000| PB 0x0000000709e00000| Untracked |  0
|  80|0x000000070a000000, 0x000000070a000000, 0x000000070a200000|  0%| F|  |TAMS 0x000000070a000000| PB 0x000000070a000000| Untracked |  0
|  81|0x000000070a200000, 0x000000070a200000, 0x000000070a400000|  0%| F|  |TAMS 0x000000070a200000| PB 0x000000070a200000| Untracked |  0
|  82|0x000000070a400000, 0x000000070a400000, 0x000000070a600000|  0%| F|  |TAMS 0x000000070a400000| PB 0x000000070a400000| Untracked |  0
|  83|0x000000070a600000, 0x000000070a600000, 0x000000070a800000|  0%| F|  |TAMS 0x000000070a600000| PB 0x000000070a600000| Untracked |  0
|  84|0x000000070a800000, 0x000000070a800000, 0x000000070aa00000|  0%| F|  |TAMS 0x000000070a800000| PB 0x000000070a800000| Untracked |  0
|  85|0x000000070aa00000, 0x000000070aa00000, 0x000000070ac00000|  0%| F|  |TAMS 0x000000070aa00000| PB 0x000000070aa00000| Untracked |  0
|  86|0x000000070ac00000, 0x000000070ac00000, 0x000000070ae00000|  0%| F|  |TAMS 0x000000070ac00000| PB 0x000000070ac00000| Untracked |  0
|  87|0x000000070ae00000, 0x000000070ae00000, 0x000000070b000000|  0%| F|  |TAMS 0x000000070ae00000| PB 0x000000070ae00000| Untracked |  0
|  88|0x000000070b000000, 0x000000070b000000, 0x000000070b200000|  0%| F|  |TAMS 0x000000070b000000| PB 0x000000070b000000| Untracked |  0
|  89|0x000000070b200000, 0x000000070b200000, 0x000000070b400000|  0%| F|  |TAMS 0x000000070b200000| PB 0x000000070b200000| Untracked |  0
|  90|0x000000070b400000, 0x000000070b400000, 0x000000070b600000|  0%| F|  |TAMS 0x000000070b400000| PB 0x000000070b400000| Untracked |  0
|  91|0x000000070b600000, 0x000000070b600000, 0x000000070b800000|  0%| F|  |TAMS 0x000000070b600000| PB 0x000000070b600000| Untracked |  0
|  92|0x000000070b800000, 0x000000070b800000, 0x000000070ba00000|  0%| F|  |TAMS 0x000000070b800000| PB 0x000000070b800000| Untracked |  0
|  93|0x000000070ba00000, 0x000000070ba00000, 0x000000070bc00000|  0%| F|  |TAMS 0x000000070ba00000| PB 0x000000070ba00000| Untracked |  0
|  94|0x000000070bc00000, 0x000000070bc00000, 0x000000070be00000|  0%| F|  |TAMS 0x000000070bc00000| PB 0x000000070bc00000| Untracked |  0
|  95|0x000000070be00000, 0x000000070be00000, 0x000000070c000000|  0%| F|  |TAMS 0x000000070be00000| PB 0x000000070be00000| Untracked |  0
|  96|0x000000070c000000, 0x000000070c000000, 0x000000070c200000|  0%| F|  |TAMS 0x000000070c000000| PB 0x000000070c000000| Untracked |  0
|  97|0x000000070c200000, 0x000000070c200000, 0x000000070c400000|  0%| F|  |TAMS 0x000000070c200000| PB 0x000000070c200000| Untracked |  0
|  98|0x000000070c400000, 0x000000070c400000, 0x000000070c600000|  0%| F|  |TAMS 0x000000070c400000| PB 0x000000070c400000| Untracked |  0
|  99|0x000000070c600000, 0x000000070c600000, 0x000000070c800000|  0%| F|  |TAMS 0x000000070c600000| PB 0x000000070c600000| Untracked |  0
| 100|0x000000070c800000, 0x000000070c800000, 0x000000070ca00000|  0%| F|  |TAMS 0x000000070c800000| PB 0x000000070c800000| Untracked |  0
| 101|0x000000070ca00000, 0x000000070ca00000, 0x000000070cc00000|  0%| F|  |TAMS 0x000000070ca00000| PB 0x000000070ca00000| Untracked |  0
| 102|0x000000070cc00000, 0x000000070cc00000, 0x000000070ce00000|  0%| F|  |TAMS 0x000000070cc00000| PB 0x000000070cc00000| Untracked |  0
| 103|0x000000070ce00000, 0x000000070ce00000, 0x000000070d000000|  0%| F|  |TAMS 0x000000070ce00000| PB 0x000000070ce00000| Untracked |  0
| 104|0x000000070d000000, 0x000000070d000000, 0x000000070d200000|  0%| F|  |TAMS 0x000000070d000000| PB 0x000000070d000000| Untracked |  0
| 105|0x000000070d200000, 0x000000070d200000, 0x000000070d400000|  0%| F|  |TAMS 0x000000070d200000| PB 0x000000070d200000| Untracked |  0
| 106|0x000000070d400000, 0x000000070d400000, 0x000000070d600000|  0%| F|  |TAMS 0x000000070d400000| PB 0x000000070d400000| Untracked |  0
| 107|0x000000070d600000, 0x000000070d600000, 0x000000070d800000|  0%| F|  |TAMS 0x000000070d600000| PB 0x000000070d600000| Untracked |  0
| 108|0x000000070d800000, 0x000000070d800000, 0x000000070da00000|  0%| F|  |TAMS 0x000000070d800000| PB 0x000000070d800000| Untracked |  0
| 109|0x000000070da00000, 0x000000070da00000, 0x000000070dc00000|  0%| F|  |TAMS 0x000000070da00000| PB 0x000000070da00000| Untracked |  0
| 110|0x000000070dc00000, 0x000000070dc00000, 0x000000070de00000|  0%| F|  |TAMS 0x000000070dc00000| PB 0x000000070dc00000| Untracked |  0
| 111|0x000000070de00000, 0x000000070de00000, 0x000000070e000000|  0%| F|  |TAMS 0x000000070de00000| PB 0x000000070de00000| Untracked |  0
| 112|0x000000070e000000, 0x000000070e000000, 0x000000070e200000|  0%| F|  |TAMS 0x000000070e000000| PB 0x000000070e000000| Untracked |  0
| 113|0x000000070e200000, 0x000000070e200000, 0x000000070e400000|  0%| F|  |TAMS 0x000000070e200000| PB 0x000000070e200000| Untracked |  0
| 114|0x000000070e400000, 0x000000070e400000, 0x000000070e600000|  0%| F|  |TAMS 0x000000070e400000| PB 0x000000070e400000| Untracked |  0
| 115|0x000000070e600000, 0x000000070e600000, 0x000000070e800000|  0%| F|  |TAMS 0x000000070e600000| PB 0x000000070e600000| Untracked |  0
| 116|0x000000070e800000, 0x000000070e800000, 0x000000070ea00000|  0%| F|  |TAMS 0x000000070e800000| PB 0x000000070e800000| Untracked |  0
| 117|0x000000070ea00000, 0x000000070ea00000, 0x000000070ec00000|  0%| F|  |TAMS 0x000000070ea00000| PB 0x000000070ea00000| Untracked |  0
| 118|0x000000070ec00000, 0x000000070ec00000, 0x000000070ee00000|  0%| F|  |TAMS 0x000000070ec00000| PB 0x000000070ec00000| Untracked |  0
| 119|0x000000070ee00000, 0x000000070efb17c0, 0x000000070f000000| 84%| E|  |TAMS 0x000000070ee00000| PB 0x000000070ee00000| Complete |  0
| 120|0x000000070f000000, 0x000000070f200000, 0x000000070f200000|100%| E|CS|TAMS 0x000000070f000000| PB 0x000000070f000000| Complete |  0
| 121|0x000000070f200000, 0x000000070f400000, 0x000000070f400000|100%| E|CS|TAMS 0x000000070f200000| PB 0x000000070f200000| Complete |  0
| 122|0x000000070f400000, 0x000000070f600000, 0x000000070f600000|100%| E|  |TAMS 0x000000070f400000| PB 0x000000070f400000| Complete |  0
| 123|0x000000070f600000, 0x000000070f800000, 0x000000070f800000|100%| E|CS|TAMS 0x000000070f600000| PB 0x000000070f600000| Complete |  0
| 124|0x000000070f800000, 0x000000070fa00000, 0x000000070fa00000|100%| E|CS|TAMS 0x000000070f800000| PB 0x000000070f800000| Complete |  0
| 125|0x000000070fa00000, 0x000000070fc00000, 0x000000070fc00000|100%| E|CS|TAMS 0x000000070fa00000| PB 0x000000070fa00000| Complete |  0
| 126|0x000000070fc00000, 0x000000070fe00000, 0x000000070fe00000|100%| E|CS|TAMS 0x000000070fc00000| PB 0x000000070fc00000| Complete |  0
| 127|0x000000070fe00000, 0x0000000710000000, 0x0000000710000000|100%| E|CS|TAMS 0x000000070fe00000| PB 0x000000070fe00000| Complete |  0
|2047|0x00000007ffe00000, 0x00000007fff1c2f8, 0x0000000800000000| 55%| O|  |TAMS 0x00000007ffe00000| PB 0x00000007ffe00000| Untracked |  0

Card table byte_map: [0x000001e627010000,0x000001e627810000] _byte_map_base: 0x000001e623810000

Marking Bits: (CMBitMap*) 0x000001e60ed756a0
 Bits: [0x000001e627810000, 0x000001e62b810000)

Polling page: 0x000001e60cda0000

Metaspace:

Usage:
  Non-class:     10.61 MB used.
      Class:      1.12 MB used.
       Both:     11.73 MB used.

Virtual space:
  Non-class space:       64.00 MB reserved,      10.75 MB ( 17%) committed,  1 nodes.
      Class space:        1.00 GB reserved,       1.25 MB ( <1%) committed,  1 nodes.
             Both:        1.06 GB reserved,      12.00 MB (  1%) committed. 

Chunk freelists:
   Non-Class:  4.99 MB
       Class:  14.74 MB
        Both:  19.74 MB

MaxMetaspaceSize: unlimited
CompressedClassSpaceSize: 1.00 GB
Initial GC threshold: 21.00 MB
Current GC threshold: 21.00 MB
CDS: on
 - commit_granule_bytes: 65536.
 - commit_granule_words: 8192.
 - virtual_space_node_default_size: 8388608.
 - enlarge_chunks_in_place: 1.
UseCompressedClassPointers 1, UseCompactObjectHeaders 0
Narrow klass pointer bits 32, Max shift 3
Narrow klass base: 0x000001e62e000000, Narrow klass shift: 0
Encoding Range: [0x000001e62e000000 - 0x000001e72e000000), (4294967296 bytes)
Klass Range:    [0x000001e62e000000 - 0x000001e66f000000), (1090519040 bytes)
Klass ID Range:  [8 - 1090519033) (1090519025)


Internal statistics:

num_allocs_failed_limit: 0.
num_arena_births: 132.
num_arena_deaths: 0.
num_vsnodes_births: 2.
num_vsnodes_deaths: 0.
num_space_committed: 192.
num_space_uncommitted: 0.
num_chunks_returned_to_freelist: 0.
num_chunks_taken_from_freelist: 186.
num_chunk_merges: 0.
num_chunk_splits: 108.
num_chunks_enlarged: 45.
num_inconsistent_stats: 0.

CodeHeap 'non-profiled nmethods': size=120064Kb used=519Kb max_used=519Kb free=119544Kb
 bounds [0x000001e61f2d0000, 0x000001e61f540000, 0x000001e626810000]
CodeHeap 'profiled nmethods': size=120000Kb used=2912Kb max_used=2912Kb free=117087Kb
 bounds [0x000001e617810000, 0x000001e617af0000, 0x000001e61ed40000]
CodeHeap 'non-nmethods': size=5696Kb used=1690Kb max_used=1729Kb free=4005Kb
 bounds [0x000001e61ed40000, 0x000001e61efb0000, 0x000001e61f2d0000]
CodeCache: size=245760Kb, used=5121Kb, max_used=5160Kb, free=240636Kb
 total_blobs=2413, nmethods=1720, adapters=598, full_count=0
Compilation: enabled, stopped_count=0, restarted_count=0

Compilation events (20 events):
Event: 131.002 Thread 0x000001e62dd10cf0 1711       3       jdk.internal.classfile.impl.StackMapGenerator::processFieldInstructions (140 bytes)
Event: 131.005 Thread 0x000001e62dd10cf0 nmethod 1711 0x000001e617ae3608 code [0x000001e617ae3920, 0x000001e617ae5848]
Event: 131.031 Thread 0x000001e62dd10cf0 1712       3       java.lang.Integer::equals (31 bytes)
Event: 131.031 Thread 0x000001e62dd10cf0 nmethod 1712 0x000001e617ae5908 code [0x000001e617ae5a40, 0x000001e617ae5e38]
Event: 131.366 Thread 0x000001e62dd10cf0 1713   !   3       java.awt.Toolkit::setDesktopProperty (81 bytes)
Event: 131.366 Thread 0x000001e62dd10cf0 nmethod 1713 0x000001e617ae5e88 code [0x000001e617ae6020, 0x000001e617ae6930]
Event: 131.624 Thread 0x000001e62dd0c860 1714       4       java.util.HashMap::newNode (13 bytes)
Event: 131.625 Thread 0x000001e62dd0c860 nmethod 1714 0x000001e61f34fe88 code [0x000001e61f34ff80, 0x000001e61f350098]
Event: 131.709 Thread 0x000001e62dd10cf0 1715       3       java.awt.Color::testColorValueRange (121 bytes)
Event: 131.710 Thread 0x000001e62dd10cf0 nmethod 1715 0x000001e617ae6988 code [0x000001e617ae6b20, 0x000001e617ae70e0]
Event: 131.711 Thread 0x000001e62dd0c860 1716       4       java.util.HashMap::putVal (300 bytes)
Event: 131.727 Thread 0x000001e62dd10cf0 1718       3       java.lang.StringConcatHelper::checkOverflow (16 bytes)
Event: 131.727 Thread 0x000001e62dd10cf0 nmethod 1718 0x000001e617ae7108 code [0x000001e617ae7220, 0x000001e617ae7400]
Event: 131.735 Thread 0x000001e62dd0c860 nmethod 1716 0x000001e61f350188 code [0x000001e61f350380, 0x000001e61f351a18]
Event: 131.735 Thread 0x000001e62dd0c860 1717       4       sun.util.logging.internal.LoggingProviderImpl$JULWrapper::toJUL (40 bytes)
Event: 131.736 Thread 0x000001e62dd0c860 nmethod 1717 0x000001e61f351b08 code [0x000001e61f351c00, 0x000001e61f351cb8]
Event: 131.752 Thread 0x000001e62dd10cf0 1719       3       java.lang.String::getChars (55 bytes)
Event: 131.753 Thread 0x000001e62dd10cf0 nmethod 1719 0x000001e617ae7488 code [0x000001e617ae7640, 0x000001e617ae7ea8]
Event: 131.753 Thread 0x000001e62dd10cf0 1720       3       java.awt.Color::<init> (72 bytes)
Event: 131.753 Thread 0x000001e62dd10cf0 nmethod 1720 0x000001e617ae7f08 code [0x000001e617ae8040, 0x000001e617ae82b0]

GC Heap History (0 events):
No events

Dll operation events (8 events):
Event: 0.010 Loaded shared library C:\Program Files\Apache NetBeans\jdk\bin\java.dll
Event: 0.049 Loaded shared library C:\Program Files\Apache NetBeans\jdk\bin\jsvml.dll
Event: 0.078 Loaded shared library C:\Program Files\Apache NetBeans\jdk\bin\jimage.dll
Event: 0.093 Loaded shared library C:\Program Files\Apache NetBeans\jdk\bin\awt.dll
Event: 0.240 Loaded shared library C:\Program Files\Apache NetBeans\jdk\bin\freetype.dll
Event: 0.241 Loaded shared library C:\Program Files\Apache NetBeans\jdk\bin\fontmanager.dll
Event: 0.464 Loaded shared library C:\Program Files\Apache NetBeans\jdk\bin\net.dll
Event: 0.466 Loaded shared library C:\Program Files\Apache NetBeans\jdk\bin\nio.dll

Deoptimization events (20 events):
Event: 7.191 Thread 0x000001e6737e8dc0 DEOPT PACKING pc=0x000001e61f3032fc sp=0x0000009eb02fc370
Event: 7.191 Thread 0x000001e6737e8dc0 DEOPT UNPACKING pc=0x000001e61ee65902 sp=0x0000009eb02fc268 mode 2
Event: 8.347 Thread 0x000001e6737e8dc0 DEOPT PACKING pc=0x000001e617a2247a sp=0x0000009eb02fc400
Event: 8.347 Thread 0x000001e6737e8dc0 DEOPT UNPACKING pc=0x000001e61ed96642 sp=0x0000009eb02fb7f8 mode 0
Event: 8.764 Thread 0x000001e6737e8dc0 Uncommon trap: trap_request=0xffffffde fr.pc=0x000001e61f2fa1e4 relative=0x00000000000001e4
Event: 8.764 Thread 0x000001e6737e8dc0 Uncommon trap: reason=class_check action=maybe_recompile pc=0x000001e61f2fa1e4 method=java.lang.String.equals(Ljava/lang/Object;)Z @ 8 c2
Event: 8.764 Thread 0x000001e6737e8dc0 DEOPT PACKING pc=0x000001e61f2fa1e4 sp=0x0000009eb02fd500
Event: 8.764 Thread 0x000001e6737e8dc0 DEOPT UNPACKING pc=0x000001e61ee65902 sp=0x0000009eb02fd488 mode 2
Event: 10.841 Thread 0x000001e6737e8dc0 DEOPT PACKING pc=0x000001e617a4d060 sp=0x0000009eb02fd6f0
Event: 10.841 Thread 0x000001e6737e8dc0 DEOPT UNPACKING pc=0x000001e61ed96642 sp=0x0000009eb02fcb10 mode 0
Event: 11.264 Thread 0x000001e6737e8dc0 DEOPT PACKING pc=0x000001e6179d07cd sp=0x0000009eb02fd4b0
Event: 11.264 Thread 0x000001e6737e8dc0 DEOPT UNPACKING pc=0x000001e61ed96642 sp=0x0000009eb02fc8b0 mode 0
Event: 11.572 Thread 0x000001e6737e8dc0 Uncommon trap: trap_request=0xffffff4d fr.pc=0x000001e61f33ef60 relative=0x0000000000001b20
Event: 11.572 Thread 0x000001e6737e8dc0 Uncommon trap: reason=unstable_if action=reinterpret pc=0x000001e61f33ef60 method=sun.java2d.marlin.Renderer._endRendering(II)V @ 2194 c2
Event: 11.572 Thread 0x000001e6737e8dc0 DEOPT PACKING pc=0x000001e61f33ef60 sp=0x0000009eb02fd650
Event: 11.572 Thread 0x000001e6737e8dc0 DEOPT UNPACKING pc=0x000001e61ee65902 sp=0x0000009eb02fd430 mode 2
Event: 11.573 Thread 0x000001e6737e8dc0 Uncommon trap: trap_request=0xffffff4d fr.pc=0x000001e61f339d8c relative=0x000000000000292c
Event: 11.573 Thread 0x000001e6737e8dc0 Uncommon trap: reason=unstable_if action=reinterpret pc=0x000001e61f339d8c method=sun.java2d.marlin.Renderer._endRendering(II)V @ 2194 c2
Event: 11.573 Thread 0x000001e6737e8dc0 DEOPT PACKING pc=0x000001e61f339d8c sp=0x0000009eb02fd5b0
Event: 11.573 Thread 0x000001e6737e8dc0 DEOPT UNPACKING pc=0x000001e61ee65902 sp=0x0000009eb02fd430 mode 2

Classes loaded (20 events):
Event: 13.786 Loading class java/awt/Canvas
Event: 13.786 Loading class java/awt/Canvas done
Event: 13.786 Loading class java/awt/Scrollbar
Event: 13.786 Loading class java/awt/Scrollbar done
Event: 131.726 Loading class java/util/WeakHashMap$KeyIterator
Event: 131.726 Loading class java/util/WeakHashMap$HashIterator
Event: 131.726 Loading class java/util/WeakHashMap$HashIterator done
Event: 131.726 Loading class java/util/WeakHashMap$KeyIterator done
Event: 131.727 Loading class java/awt/IllegalComponentStateException
Event: 131.727 Loading class java/awt/IllegalComponentStateException done
Event: 131.727 Loading class java/lang/InterruptedException
Event: 131.727 Loading class java/lang/InterruptedException done
Event: 131.727 Loading class java/lang/Throwable$WrappedPrintStream
Event: 131.727 Loading class java/lang/Throwable$PrintStreamOrWriter
Event: 131.727 Loading class java/lang/Throwable$PrintStreamOrWriter done
Event: 131.727 Loading class java/lang/Throwable$WrappedPrintStream done
Event: 131.728 Loading class java/lang/StackTraceElement$HashedModules
Event: 131.728 Loading class java/lang/StackTraceElement$HashedModules done
Event: 131.752 Loading class java/awt/AWTError
Event: 131.752 Loading class java/awt/AWTError done

Classes unloaded (0 events):
No events

Classes redefined (0 events):
No events

Internal exceptions (20 events):
Event: 0.301 Thread 0x000001e60c976120 Exception <a 'java/lang/ClassNotFoundException'{0x000000070f96f7f0}: com/sun/swing/internal/plaf/metal/resources/spi/metalProvider> (0x000000070f96f7f0) 
thrown [s\src\hotspot\share\classfile\systemDictionary.cpp, line 327]
Event: 0.302 Thread 0x000001e60c976120 Exception <a 'java/lang/ClassNotFoundException'{0x000000070f973250}: com/sun/swing/internal/plaf/basic/resources/spi/basicProvider> (0x000000070f973250) 
thrown [s\src\hotspot\share\classfile\systemDictionary.cpp, line 327]
Event: 0.336 Thread 0x000001e6737e8dc0 Exception <a 'java/lang/ClassNotFoundException'{0x000000070f63ec50}: com/sun/swing/internal/plaf/synth/resources/spi/synthProvider> (0x000000070f63ec50) 
thrown [s\src\hotspot\share\classfile\systemDictionary.cpp, line 327]
Event: 0.352 Thread 0x000001e6737e8dc0 Exception <a 'java/lang/NoSuchMethodError'{0x000000070f71ed48}: 'int java.lang.invoke.Invokers$Holder.invokeExact_MT(java.lang.Object, java.lang.Object)'> (0x000000070f71ed48) 
thrown [s\src\hotspot\share\interpreter\linkResolver.cpp, line 805]
Event: 0.358 Thread 0x000001e6737e8dc0 Exception <a 'java/lang/NoSuchMethodError'{0x000000070f72c3f8}: 'java.lang.Object java.lang.invoke.DirectMethodHandle$Holder.newInvokeSpecial(java.lang.Object, java.lang.Object, int)'> (0x000000070f72c3f8) 
thrown [s\src\hotspot\share\interpreter\linkResolver.cpp, line 805]
Event: 0.361 Thread 0x000001e6737e8dc0 Exception <a 'java/lang/NoSuchMethodError'{0x000000070f745d30}: 'java.lang.Object java.lang.invoke.DirectMethodHandle$Holder.invokeStatic(java.lang.Object, java.lang.Object, java.lang.Object, java.lang.Object, int)'> (0x000000070f745d30) 
thrown [s\src\hotspot\share\interpreter\linkResolver.cpp, line 805]
Event: 0.363 Thread 0x000001e6737e8dc0 Exception <a 'java/lang/NoSuchMethodError'{0x000000070f760130}: 'int java.lang.invoke.DirectMethodHandle$Holder.invokeSpecial(java.lang.Object, java.lang.Object, java.lang.Object)'> (0x000000070f760130) 
thrown [s\src\hotspot\share\interpreter\linkResolver.cpp, line 805]
Event: 0.426 Thread 0x000001e673682c30 Exception <a 'java/lang/NoSuchMethodError'{0x000000070fc9f400}: 'void java.lang.invoke.DirectMethodHandle$Holder.invokeVirtual(java.lang.Object, java.lang.Object)'> (0x000000070fc9f400) 
thrown [s\src\hotspot\share\interpreter\linkResolver.cpp, line 805]
Event: 0.443 Thread 0x000001e6737e8dc0 Exception <a 'java/lang/NoSuchMethodError'{0x000000070f412990}: 'void java.lang.invoke.DirectMethodHandle$Holder.invokeStaticInit(java.lang.Object)'> (0x000000070f412990) 
thrown [s\src\hotspot\share\interpreter\linkResolver.cpp, line 805]
Event: 0.477 Thread 0x000001e6737e8dc0 Exception <a 'java/lang/NoSuchMethodError'{0x000000070f470d20}: 'void java.lang.invoke.DelegatingMethodHandle$Holder.reinvoke_L(java.lang.Object, java.lang.Object, java.lang.Object, java.lang.Object, long, long, float)'> (0x000000070f470d20) 
thrown [s\src\hotspot\share\interpreter\linkResolver.cpp, line 805]
Event: 0.479 Thread 0x000001e6737e8dc0 Exception <a 'java/lang/NoSuchMethodError'{0x000000070f491c70}: 'java.lang.Object java.lang.invoke.DirectMethodHandle$Holder.invokeStatic(java.lang.Object, java.lang.Object, java.lang.Object, java.lang.Object, java.lang.Object, long)'> (0x000000070f491c70) 
thrown [s\src\hotspot\share\interpreter\linkResolver.cpp, line 805]
Event: 0.485 Thread 0x000001e6737e8dc0 Exception <a 'java/lang/NoSuchMethodError'{0x000000070f4d5698}: 'float java.lang.invoke.DelegatingMethodHandle$Holder.reinvoke_L(java.lang.Object, java.lang.Object, java.lang.Object, java.lang.Object, long, long)'> (0x000000070f4d5698) 
thrown [s\src\hotspot\share\interpreter\linkResolver.cpp, line 805]
Event: 4.726 Thread 0x000001e6737e8dc0 Implicit null exception at 0x000001e61f324f60 to 0x000001e61f3254c7
Event: 4.726 Thread 0x000001e6737e8dc0 Implicit null exception at 0x000001e61f324f60 to 0x000001e61f3254c7
Event: 4.726 Thread 0x000001e6737e8dc0 Implicit null exception at 0x000001e61f324f60 to 0x000001e61f3254c7
Event: 4.726 Thread 0x000001e6737e8dc0 Implicit null exception at 0x000001e61f324f60 to 0x000001e61f3254c7
Event: 6.100 Thread 0x000001e6737e8dc0 Implicit null exception at 0x000001e61f3224e8 to 0x000001e61f322bbf
Event: 6.100 Thread 0x000001e6737e8dc0 Implicit null exception at 0x000001e61f3224e8 to 0x000001e61f322bbf
Event: 7.161 Thread 0x000001e6737e8dc0 Exception <a 'java/lang/NoSuchMethodError'{0x000000070f113f48}: 'void java.lang.invoke.DirectMethodHandle$Holder.invokeStatic(java.lang.Object, java.lang.Object)'> (0x000000070f113f48) 
thrown [s\src\hotspot\share\interpreter\linkResolver.cpp, line 805]
Event: 7.187 Thread 0x000001e6737e8dc0 Exception <a 'java/lang/NoSuchMethodError'{0x000000070f138e10}: 'int java.lang.invoke.DirectMethodHandle$Holder.invokeStatic(java.lang.Object)'> (0x000000070f138e10) 
thrown [s\src\hotspot\share\interpreter\linkResolver.cpp, line 805]

VM Operations (20 events):
Event: 0.236 Executing VM operation: HandshakeAllThreads (Deoptimize)
Event: 0.236 Executing VM operation: HandshakeAllThreads (Deoptimize) done
Event: 0.301 Executing VM operation: HandshakeAllThreads (Deoptimize)
Event: 0.301 Executing VM operation: HandshakeAllThreads (Deoptimize) done
Event: 0.401 Executing VM operation: HandshakeAllThreads (Deoptimize)
Event: 0.401 Executing VM operation: HandshakeAllThreads (Deoptimize) done
Event: 0.404 Executing VM operation: HandshakeAllThreads (Deoptimize)
Event: 0.404 Executing VM operation: HandshakeAllThreads (Deoptimize) done
Event: 0.609 Executing VM operation: HandshakeAllThreads (Deoptimize)
Event: 0.609 Executing VM operation: HandshakeAllThreads (Deoptimize) done
Event: 0.642 Executing VM operation: HandshakeAllThreads (Deoptimize)
Event: 0.642 Executing VM operation: HandshakeAllThreads (Deoptimize) done
Event: 0.659 Executing VM operation: HandshakeAllThreads (Deoptimize)
Event: 0.659 Executing VM operation: HandshakeAllThreads (Deoptimize) done
Event: 2.253 Executing VM operation: HandshakeAllThreads (Deoptimize)
Event: 2.253 Executing VM operation: HandshakeAllThreads (Deoptimize) done
Event: 60.063 Executing VM operation: HandshakeAllThreads (HandshakeForDeflation)
Event: 60.063 Executing VM operation: HandshakeAllThreads (HandshakeForDeflation) done
Event: 60.063 Executing VM operation: RendezvousGCThreads
Event: 60.063 Executing VM operation: RendezvousGCThreads done

Memory protections (0 events):
No events

Nmethod flushes (0 events):
No events

Events (18 events):
Event: 0.031 Thread 0x000001e60c976120 Thread added: 0x000001e60c976120
Event: 0.044 Thread 0x000001e60c976120 Thread added: 0x000001e62dcf4680
Event: 0.045 Thread 0x000001e60c976120 Thread added: 0x000001e62dcfa030
Event: 0.045 Thread 0x000001e60c976120 Thread added: 0x000001e62dcfe110
Event: 0.045 Thread 0x000001e60c976120 Thread added: 0x000001e62dcff8a0
Event: 0.045 Thread 0x000001e60c976120 Thread added: 0x000001e62dd084d0
Event: 0.045 Thread 0x000001e60c976120 Thread added: 0x000001e62dd09220
Event: 0.045 Thread 0x000001e60c976120 Thread added: 0x000001e62dd0c860
Event: 0.046 Thread 0x000001e60c976120 Thread added: 0x000001e62dd10cf0
Event: 0.052 Thread 0x000001e60c976120 Thread added: 0x000001e62dd3dde0
Event: 0.056 Thread 0x000001e60c976120 Thread added: 0x000001e67306fdb0
Event: 0.144 Thread 0x000001e60c976120 Thread added: 0x000001e673681ab0
Event: 0.146 Thread 0x000001e60c976120 Thread added: 0x000001e673682420
Event: 0.146 Thread 0x000001e60c976120 Thread added: 0x000001e673682c30
Event: 0.312 Thread 0x000001e60c976120 Thread added: 0x000001e6737e8dc0
Event: 0.312 Thread 0x000001e60c976120 Thread exited: 0x000001e60c976120
Event: 0.313 Thread 0x000001e60c976120 Thread added: 0x000001e60c976120
Event: 1.427 Thread 0x000001e6737e8dc0 Thread added: 0x000001e6738c7c20


Dynamic libraries:
0x00007ff773850000 - 0x00007ff77385e000 	C:\Program Files\Apache NetBeans\jdk\bin\java.exe
0x00007ffbe2ce0000 - 0x00007ffbe2f47000 	C:\Windows\SYSTEM32\ntdll.dll
0x00007ffbe2910000 - 0x00007ffbe29d9000 	C:\Windows\System32\KERNEL32.DLL
0x00007ffbe0250000 - 0x00007ffbe0640000 	C:\Windows\System32\KERNELBASE.dll
0x00007ffbe0860000 - 0x00007ffbe09ab000 	C:\Windows\System32\ucrtbase.dll
0x00007ffb7f6b0000 - 0x00007ffb7f6c6000 	C:\Program Files\Apache NetBeans\jdk\bin\jli.dll
0x00007ffb7fad0000 - 0x00007ffb7faee000 	C:\Program Files\Apache NetBeans\jdk\bin\VCRUNTIME140.dll
0x00007ffbe13e0000 - 0x00007ffbe15a5000 	C:\Windows\System32\USER32.dll
0x00007ffbe0790000 - 0x00007ffbe07b7000 	C:\Windows\System32\win32u.dll
0x00007ffbbce80000 - 0x00007ffbbd11a000 	C:\Windows\WinSxS\amd64_microsoft.windows.common-controls_6595b64144ccf1df_6.0.26100.4768_none_3e0c112ce331287c\COMCTL32.dll
0x00007ffbe2a70000 - 0x00007ffbe2a9b000 	C:\Windows\System32\GDI32.dll
0x00007ffbe0a80000 - 0x00007ffbe0b29000 	C:\Windows\System32\msvcrt.dll
0x00007ffbe0650000 - 0x00007ffbe0788000 	C:\Windows\System32\gdi32full.dll
0x00007ffbe01a0000 - 0x00007ffbe0243000 	C:\Windows\System32\msvcp_win.dll
0x00007ffbe0c80000 - 0x00007ffbe0caf000 	C:\Windows\System32\IMM32.DLL
0x00007ffb7fac0000 - 0x00007ffb7facc000 	C:\Program Files\Apache NetBeans\jdk\bin\vcruntime140_1.dll
0x00007ffb931e0000 - 0x00007ffb9326d000 	C:\Program Files\Apache NetBeans\jdk\bin\msvcp140.dll
0x00007ffb7e270000 - 0x00007ffb7f0ec000 	C:\Program Files\Apache NetBeans\jdk\bin\server\jvm.dll
0x00007ffbe11e0000 - 0x00007ffbe1294000 	C:\Windows\System32\ADVAPI32.dll
0x00007ffbe2b20000 - 0x00007ffbe2bc6000 	C:\Windows\System32\sechost.dll
0x00007ffbe12a0000 - 0x00007ffbe13b8000 	C:\Windows\System32\RPCRT4.dll
0x00007ffbe2790000 - 0x00007ffbe2804000 	C:\Windows\System32\WS2_32.dll
0x00007ffbdfc90000 - 0x00007ffbdfcee000 	C:\Windows\SYSTEM32\POWRPROF.dll
0x00007ffbd3e40000 - 0x00007ffbd3e4b000 	C:\Windows\SYSTEM32\VERSION.dll
0x00007ffbd3e00000 - 0x00007ffbd3e35000 	C:\Windows\SYSTEM32\WINMM.dll
0x00007ffbdfc70000 - 0x00007ffbdfc84000 	C:\Windows\SYSTEM32\UMPDC.dll
0x00007ffbdeb50000 - 0x00007ffbdeb6b000 	C:\Windows\SYSTEM32\kernel.appcore.dll
0x00007ffb7f8a0000 - 0x00007ffb7f8aa000 	C:\Program Files\Apache NetBeans\jdk\bin\jimage.dll
0x00007ffbd3e50000 - 0x00007ffbd4091000 	C:\Windows\SYSTEM32\DBGHELP.DLL
0x00007ffbe17a0000 - 0x00007ffbe1b25000 	C:\Windows\System32\combase.dll
0x00007ffbe0cc0000 - 0x00007ffbe0da0000 	C:\Windows\System32\OLEAUT32.dll
0x00007ffbd3540000 - 0x00007ffbd3583000 	C:\Windows\SYSTEM32\dbgcore.DLL
0x00007ffbe07c0000 - 0x00007ffbe0859000 	C:\Windows\System32\bcryptPrimitives.dll
0x00007ffb7f8b0000 - 0x00007ffb7f8ce000 	C:\Program Files\Apache NetBeans\jdk\bin\java.dll
0x00007ffbe1030000 - 0x00007ffbe11d0000 	C:\Windows\System32\ole32.dll
0x00007ffbe1fc0000 - 0x00007ffbe270d000 	C:\Windows\System32\SHELL32.dll
0x00007ffbdfe10000 - 0x00007ffbdff83000 	C:\Windows\System32\wintypes.dll
0x00007ffbdd9d0000 - 0x00007ffbde230000 	C:\Windows\SYSTEM32\windows.storage.dll
0x00007ffbe2810000 - 0x00007ffbe2905000 	C:\Windows\System32\SHCORE.dll
0x00007ffbe2c30000 - 0x00007ffbe2c9a000 	C:\Windows\System32\shlwapi.dll
0x00007ffbdfd30000 - 0x00007ffbdfd59000 	C:\Windows\SYSTEM32\profapi.dll
0x00007ffb7f420000 - 0x00007ffb7f4f7000 	C:\Program Files\Apache NetBeans\jdk\bin\jsvml.dll
0x00007ffb7f220000 - 0x00007ffb7f39e000 	C:\Program Files\Apache NetBeans\jdk\bin\awt.dll
0x00007ffbdcee0000 - 0x00007ffbdcf7e000 	C:\Windows\SYSTEM32\apphelp.dll
0x00007ffbdcff0000 - 0x00007ffbdd09f000 	C:\Windows\system32\uxtheme.dll
0x00007ffbe0dd0000 - 0x00007ffbe0f31000 	C:\Windows\System32\MSCTF.dll
0x00007ffbdd320000 - 0x00007ffbdd355000 	C:\Windows\system32\DWMAPI.DLL
0x00007ffb7f190000 - 0x00007ffb7f217000 	C:\Program Files\Apache NetBeans\jdk\bin\freetype.dll
0x00007ffb7e070000 - 0x00007ffb7e149000 	C:\Program Files\Apache NetBeans\jdk\bin\fontmanager.dll
0x00007ffb7e150000 - 0x00007ffb7e268000 	C:\Windows\system32\opengl32.dll
0x00007ffb931b0000 - 0x00007ffb931dd000 	C:\Windows\SYSTEM32\GLU32.dll
0x00007ffbdd0f0000 - 0x00007ffbdd13d000 	C:\Windows\SYSTEM32\dxcore.dll
0x00007ffb7f3e0000 - 0x00007ffb7f3f0000 	C:\Program Files\Apache NetBeans\jdk\bin\net.dll
0x00007ffbdf0c0000 - 0x00007ffbdf12b000 	C:\Windows\system32\mswsock.dll
0x00007ffb7f3c0000 - 0x00007ffb7f3d6000 	C:\Program Files\Apache NetBeans\jdk\bin\nio.dll
0x00007ffbd4a70000 - 0x00007ffbd4bc1000 	C:\Windows\SYSTEM32\textinputframework.dll
0x00007ffbdcb00000 - 0x00007ffbdcc25000 	C:\Windows\SYSTEM32\CoreMessaging.dll
0x00007ffbd9c00000 - 0x00007ffbd9ee3000 	C:\Windows\SYSTEM32\CoreUIComponents.dll
0x00007ffbdf300000 - 0x00007ffbdf30c000 	C:\Windows\SYSTEM32\CRYPTBASE.DLL

JVMTI agents: none

dbghelp: loaded successfully - version: 4.0.5 - missing functions: none
symbol engine: initialized successfully - sym options: 0x614 - pdb path: .;C:\Program Files\Apache NetBeans\jdk\bin;C:\Windows\SYSTEM32;C:\Windows\WinSxS\amd64_microsoft.windows.common-controls_6595b64144ccf1df_6.0.26100.4768_none_3e0c112ce331287c;C:\Program Files\Apache NetBeans\jdk\bin\server

VM Arguments:
java_command: com.mycompany._question3_exam.SnakeInformation
java_class_path (initial): C:\Users\lab_services_student\Documents\NetBeansProjects\2021_Question3_Exam\target\classes
Launcher Type: SUN_STANDARD

[Global flags]
     intx CICompilerCount                          = 3                                         {product} {ergonomic}
     uint ConcGCThreads                            = 1                                         {product} {ergonomic}
     uint G1ConcRefinementThreads                  = 4                                         {product} {ergonomic}
   size_t G1HeapRegionSize                         = 2097152                                   {product} {ergonomic}
   size_t InitialHeapSize                          = 268435456                                 {product} {ergonomic}
   size_t MarkStackSize                            = 4194304                                   {product} {ergonomic}
   size_t MarkStackSizeMax                         = 536870912                                 {product} {ergonomic}
   size_t MaxHeapSize                              = 4294967296                                {product} {ergonomic}
   size_t MaxNewSize                               = 2575302656                                {product} {ergonomic}
   size_t MinHeapDeltaBytes                        = 2097152                                   {product} {ergonomic}
   size_t MinHeapSize                              = 8388608                                   {product} {ergonomic}
    uintx NonNMethodCodeHeapSize                   = 5832704                                {pd product} {ergonomic}
    uintx NonProfiledCodeHeapSize                  = 122945536                              {pd product} {ergonomic}
    uintx ProfiledCodeHeapSize                     = 122880000                              {pd product} {ergonomic}
    uintx ReservedCodeCacheSize                    = 251658240                              {pd product} {ergonomic}
     bool SegmentedCodeCache                       = true                                      {product} {ergonomic}
   size_t SoftMaxHeapSize                          = 4294967296                             {manageable} {ergonomic}
     bool UseCompressedOops                        = true                           {product lp64_product} {ergonomic}
     bool UseG1GC                                  = true                                      {product} {ergonomic}
     bool UseLargePagesIndividualAllocation        = false                                  {pd product} {ergonomic}

Logging:
Log output configuration:
 #0: stdout all=warning uptime,level,tags foldmultilines=false
 #1: stderr all=off uptime,level,tags foldmultilines=false

Environment Variables:
JAVA_HOME=C:\Program Files\Apache NetBeans\jdk
PATH=C:\Program Files (x86)\Common Files\Oracle\Java\java8path;C:\Program Files (x86)\Common Files\Oracle\Java\javapath;C:\Program Files\Amazon Corretto\jdk21.0.7_6\bin;C:\Windows\system32;C:\Windows;C:\Windows\System32\Wbem;C:\Windows\System32\WindowsPowerShell\v1.0\;C:\Windows\System32\OpenSSH\;C:\ProgramData\chocolatey\bin;C:\Program Files\Git\cmd;C:\Program Files\Microsoft VS Code\bin;C:\Program Files (x86)\Microsoft SQL Server\160\Tools\Binn\;C:\Program Files\Microsoft SQL Server\160\Tools\Binn\;C:\Program Files\Microsoft SQL Server\Client SDK\ODBC\170\Tools\Binn\;C:\Program Files\Microsoft SQL Server\160\DTS\Binn\;C:\Program Files (x86)\Microsoft SQL Server\160\DTS\Binn\;C:\Users\lab_services_student\AppData\Local\Microsoft\WindowsApps;C:\Users\lab_services_student\AppData\Local\GitHubDesktop\bin
USERNAME=lab_services_student
OS=Windows_NT
PROCESSOR_IDENTIFIER=Intel64 Family 6 Model 85 Stepping 7, GenuineIntel
TMP=C:\Users\LAB_SE~1\AppData\Local\Temp
TEMP=C:\Users\LAB_SE~1\AppData\Local\Temp




Periodic native trim disabled

---------------  S Y S T E M  ---------------

OS:
 Windows 11 , 64 bit Build 26100 (10.0.26100.4768)
OS uptime: 0 days 0:35 hours
Hyper-V role detected

CPU: total 4 (initial active 4) (2 cores per cpu, 2 threads per core) family 6 model 85 stepping 7 microcode 0xffffffff, cx8, cmov, fxsr, ht, mmx, 3dnowpref, sse, sse2, sse3, ssse3, sse4.1, sse4.2, popcnt, lzcnt, tsc, avx, avx2, aes, erms, clmul, bmi1, bmi2, rtm, adx, avx512f, avx512dq, avx512cd, avx512bw, avx512vl, fma, vzeroupper, avx512_vnni, clflush, clflushopt, clwb, hv, rdtscp, f16c
Processor Information for the first 4 processors :
  Max Mhz: 2594, Current Mhz: 2594, Mhz Limit: 2594

Memory: 4k page, system-wide physical 16382M (9571M free)
TotalPageFile size 17406M (AvailPageFile size 9540M)
current process WorkingSet (physical memory assigned to process): 86M, peak: 89M
current process commit charge ("private bytes"): 355M, peak: 361M

vm_info: OpenJDK 64-Bit Server VM (24.0.1+9) for windows-amd64 JRE (24.0.1+9) (Zulu24.30+11-CA), built on 2025-03-21T13:52:34Z with MS VC++ 17.1 (VS2022)

END.
